---------------------------------------------------------------
[ 2024-11-16T09:04:16+08:00 ] 219.140.41.10 GET crm178.kaiwenit.com/
[运行時間：0.126913s] [吞吐率：7.88req/s] [内存消耗：2,910.82kb] [文件加载：74]
[ info ] [ BEHAVIOR ] Run Closure @app_init [ RunTime:0.000035s ]
[ info ] [ CACHE ] INIT File
[ info ] [ BEHAVIOR ] Run Closure @app_init [ RunTime:0.013257s ]
[ info ] [ BEHAVIOR ] Run app\common\behavior\Common @app_init [ RunTime:0.002349s ]
[ info ] [ LANG ] /www/wwwroot/2024/10/kh06_crm178.kaiwenit.com/thinkphp/lang/zh-cn.php
[ info ] [ BEHAVIOR ] Run app\common\behavior\Common @app_dispatch [ RunTime:0.000058s ]
[ info ] [ ROUTE ] array (
  'type' => 'module',
  'module' => 
  array (
    0 => '',
    1 => NULL,
    2 => NULL,
  ),
)
[ info ] [ HEADER ] array (
  'accept-encoding' => 'gzip, deflate',
  'accept' => 'text/html,application/xhtml+xml,application/xml;q=0.9,image/avif,image/webp,image/apng,*/*;q=0.8,application/signed-exchange;v=b3;q=0.7',
  'accept-language' => 'zh-CN',
  'user-agent' => 'Mozilla/5.0 (Linux; Android 11; Pixel 5) AppleWebKit/537.36 (KHTML, like Gecko) Chrome/113.0.5672.53 Mobile Safari/537.36',
  'upgrade-insecure-requests' => '1',
  'connection' => 'keep-alive',
  'host' => 'crm178.kaiwenit.com',
  'content-length' => '',
  'content-type' => '',
)
[ info ] [ PARAM ] array (
)
[ info ] [ LANG ] /www/wwwroot/2024/10/kh06_crm178.kaiwenit.com/public/../application/index/lang/zh-cn.php
[ info ] [ BEHAVIOR ] Run app\common\behavior\Common @module_init [ RunTime:0.003608s ]
[ info ] [ BEHAVIOR ] Run \addons\summernote\Summernote @config_init [ RunTime:0.000892s ]
[ info ] [ BEHAVIOR ] Run \addons\umeditor\Umeditor @config_init [ RunTime:0.001083s ]
[ info ] [ LANG ] /www/wwwroot/2024/10/kh06_crm178.kaiwenit.com/public/../application/index/lang/zh-cn/index.php
[ info ] [ RUN ] app\index\controller\Index->index[ /www/wwwroot/2024/10/kh06_crm178.kaiwenit.com/application/index/controller/Index.php ]
[ info ] [ VIEW ] /www/wwwroot/2024/10/kh06_crm178.kaiwenit.com/public/../application/index/view/index/index.html [ array (
  0 => 'user',
  1 => 'site',
  2 => 'config',
) ]
[ info ] [ BEHAVIOR ] Run \addons\facrm\Facrm @view_filter [ RunTime:0.000075s ]
[ info ] [ LOG ] INIT File
