---------------------------------------------------------------
[ 2024-11-20T00:55:05+08:00 ] 107.148.191.194 GET crm178.kaiwenit.com/
[运行時間：0.122578s] [吞吐率：8.16req/s] [内存消耗：2,907.48kb] [文件加载：74]
[ info ] [ BEHAVIOR ] Run Closure @app_init [ RunTime:0.000050s ]
[ info ] [ CACHE ] INIT File
[ info ] [ BEHAVIOR ] Run Closure @app_init [ RunTime:0.009659s ]
[ info ] [ BEHAVIOR ] Run app\common\behavior\Common @app_init [ RunTime:0.002382s ]
[ info ] [ LANG ] /www/wwwroot/2024/10/kh06_crm178.kaiwenit.com/thinkphp/lang/zh-cn.php
[ info ] [ BEHAVIOR ] Run app\common\behavior\Common @app_dispatch [ RunTime:0.000050s ]
[ info ] [ ROUTE ] array (
  'type' => 'module',
  'module' => 
  array (
    0 => '',
    1 => NULL,
    2 => NULL,
  ),
)
[ info ] [ HEADER ] array (
  'accept-encoding' => 'gzip',
  'accept' => '*/*',
  'user-agent' => 'Mozilla/5.0 (iPhone; CPU iPhone OS 12_1_4 like Mac OS X) AppleWebKit/605.1.15 (KHTML, like Gecko) Mobile/16D57 MicroMessenger/7.0.3(0x17000321) NetType/WIFI Language/zh_CN',
  'host' => 'crm178.kaiwenit.com',
  'content-length' => '',
  'content-type' => '',
)
[ info ] [ PARAM ] array (
)
[ info ] [ LANG ] /www/wwwroot/2024/10/kh06_crm178.kaiwenit.com/public/../application/index/lang/zh-cn.php
[ info ] [ BEHAVIOR ] Run app\common\behavior\Common @module_init [ RunTime:0.007251s ]
[ info ] [ BEHAVIOR ] Run \addons\summernote\Summernote @config_init [ RunTime:0.001002s ]
[ info ] [ BEHAVIOR ] Run \addons\umeditor\Umeditor @config_init [ RunTime:0.000970s ]
[ info ] [ LANG ] /www/wwwroot/2024/10/kh06_crm178.kaiwenit.com/public/../application/index/lang/zh-cn/index.php
[ info ] [ RUN ] app\index\controller\Index->index[ /www/wwwroot/2024/10/kh06_crm178.kaiwenit.com/application/index/controller/Index.php ]
[ info ] [ VIEW ] /www/wwwroot/2024/10/kh06_crm178.kaiwenit.com/public/../application/index/view/index/index.html [ array (
  0 => 'user',
  1 => 'site',
  2 => 'config',
) ]
[ info ] [ BEHAVIOR ] Run \addons\facrm\Facrm @view_filter [ RunTime:0.000107s ]
[ info ] [ LOG ] INIT File
---------------------------------------------------------------
[ 2024-11-20T00:55:05+08:00 ] 107.148.191.194 GET crm178.kaiwenit.com/favicon.ico
[运行時間：0.033422s] [吞吐率：29.92req/s] [内存消耗：1,960.45kb] [文件加载：58]
[ info ] [ BEHAVIOR ] Run Closure @app_init [ RunTime:0.000047s ]
[ info ] [ CACHE ] INIT File
[ info ] [ BEHAVIOR ] Run Closure @app_init [ RunTime:0.002979s ]
[ info ] [ BEHAVIOR ] Run app\common\behavior\Common @app_init [ RunTime:0.000708s ]
[ info ] [ LANG ] /www/wwwroot/2024/10/kh06_crm178.kaiwenit.com/thinkphp/lang/zh-cn.php
[ info ] [ BEHAVIOR ] Run app\common\behavior\Common @app_dispatch [ RunTime:0.000037s ]
[ info ] [ ROUTE ] array (
  'type' => 'module',
  'module' => 
  array (
    0 => 'favicon.ico',
    1 => NULL,
    2 => NULL,
  ),
)
[ info ] [ HEADER ] array (
  'accept' => '*/*',
  'user-agent' => 'Mozilla/5.0 (iPhone; CPU iPhone OS 12_1_4 like Mac OS X) AppleWebKit/605.1.15 (KHTML, like Gecko) Mobile/16D57 MicroMessenger/7.0.3(0x17000321) NetType/WIFI Language/zh_CN',
  'host' => 'crm178.kaiwenit.com',
  'content-length' => '',
  'content-type' => '',
)
[ info ] [ PARAM ] array (
)
[ info ] [ LOG ] INIT File
---------------------------------------------------------------
[ 2024-11-20T02:37:28+08:00 ] 113.215.189.211 GET crm178.kaiwenit.com/
[运行時間：0.070866s] [吞吐率：14.11req/s] [内存消耗：2,907.41kb] [文件加载：74]
[ info ] [ BEHAVIOR ] Run Closure @app_init [ RunTime:0.000055s ]
[ info ] [ CACHE ] INIT File
[ info ] [ BEHAVIOR ] Run Closure @app_init [ RunTime:0.003044s ]
[ info ] [ BEHAVIOR ] Run app\common\behavior\Common @app_init [ RunTime:0.000754s ]
[ info ] [ LANG ] /www/wwwroot/2024/10/kh06_crm178.kaiwenit.com/thinkphp/lang/zh-cn.php
[ info ] [ BEHAVIOR ] Run app\common\behavior\Common @app_dispatch [ RunTime:0.000030s ]
[ info ] [ ROUTE ] array (
  'type' => 'module',
  'module' => 
  array (
    0 => '',
    1 => NULL,
    2 => NULL,
  ),
)
[ info ] [ HEADER ] array (
  'connection' => 'keep-alive',
  'host' => 'crm178.kaiwenit.com',
  'accept-encoding' => 'gzip, x-gzip, deflate',
  'user-agent' => 'Mozilla/5.0 (Windows NT 10.0; Win64; x64) AppleWebKit/537.36 (KHTML, like Gecko) Chrome/109.0.1825.197 Safari/537.36',
  'content-length' => '',
  'content-type' => '',
)
[ info ] [ PARAM ] array (
)
[ info ] [ LANG ] /www/wwwroot/2024/10/kh06_crm178.kaiwenit.com/public/../application/index/lang/zh-cn.php
[ info ] [ BEHAVIOR ] Run app\common\behavior\Common @module_init [ RunTime:0.003086s ]
[ info ] [ BEHAVIOR ] Run \addons\summernote\Summernote @config_init [ RunTime:0.000995s ]
[ info ] [ BEHAVIOR ] Run \addons\umeditor\Umeditor @config_init [ RunTime:0.000966s ]
[ info ] [ LANG ] /www/wwwroot/2024/10/kh06_crm178.kaiwenit.com/public/../application/index/lang/zh-cn/index.php
[ info ] [ RUN ] app\index\controller\Index->index[ /www/wwwroot/2024/10/kh06_crm178.kaiwenit.com/application/index/controller/Index.php ]
[ info ] [ VIEW ] /www/wwwroot/2024/10/kh06_crm178.kaiwenit.com/public/../application/index/view/index/index.html [ array (
  0 => 'user',
  1 => 'site',
  2 => 'config',
) ]
[ info ] [ BEHAVIOR ] Run \addons\facrm\Facrm @view_filter [ RunTime:0.000104s ]
[ info ] [ LOG ] INIT File
---------------------------------------------------------------
[ 2024-11-20T02:37:28+08:00 ] 113.215.189.211 GET crm178.kaiwenit.com/
[运行時間：0.046285s] [吞吐率：21.61req/s] [内存消耗：2,907.41kb] [文件加载：74]
[ info ] [ BEHAVIOR ] Run Closure @app_init [ RunTime:0.000039s ]
[ info ] [ CACHE ] INIT File
[ info ] [ BEHAVIOR ] Run Closure @app_init [ RunTime:0.003512s ]
[ info ] [ BEHAVIOR ] Run app\common\behavior\Common @app_init [ RunTime:0.000635s ]
[ info ] [ LANG ] /www/wwwroot/2024/10/kh06_crm178.kaiwenit.com/thinkphp/lang/zh-cn.php
[ info ] [ BEHAVIOR ] Run app\common\behavior\Common @app_dispatch [ RunTime:0.000037s ]
[ info ] [ ROUTE ] array (
  'type' => 'module',
  'module' => 
  array (
    0 => '',
    1 => NULL,
    2 => NULL,
  ),
)
[ info ] [ HEADER ] array (
  'connection' => 'keep-alive',
  'host' => 'crm178.kaiwenit.com',
  'accept-encoding' => 'gzip, x-gzip, deflate',
  'user-agent' => 'Mozilla/5.0 (Windows NT 10.0; Win64; x64) AppleWebKit/537.36 (KHTML, like Gecko) Chrome/107.0.3988.46 Safari/537.36',
  'content-length' => '',
  'content-type' => '',
)
[ info ] [ PARAM ] array (
)
[ info ] [ LANG ] /www/wwwroot/2024/10/kh06_crm178.kaiwenit.com/public/../application/index/lang/zh-cn.php
[ info ] [ BEHAVIOR ] Run app\common\behavior\Common @module_init [ RunTime:0.002312s ]
[ info ] [ BEHAVIOR ] Run \addons\summernote\Summernote @config_init [ RunTime:0.000223s ]
[ info ] [ BEHAVIOR ] Run \addons\umeditor\Umeditor @config_init [ RunTime:0.000157s ]
[ info ] [ LANG ] /www/wwwroot/2024/10/kh06_crm178.kaiwenit.com/public/../application/index/lang/zh-cn/index.php
[ info ] [ RUN ] app\index\controller\Index->index[ /www/wwwroot/2024/10/kh06_crm178.kaiwenit.com/application/index/controller/Index.php ]
[ info ] [ VIEW ] /www/wwwroot/2024/10/kh06_crm178.kaiwenit.com/public/../application/index/view/index/index.html [ array (
  0 => 'user',
  1 => 'site',
  2 => 'config',
) ]
[ info ] [ BEHAVIOR ] Run \addons\facrm\Facrm @view_filter [ RunTime:0.000084s ]
[ info ] [ LOG ] INIT File
---------------------------------------------------------------
[ 2024-11-20T02:37:29+08:00 ] 113.215.189.211 GET crm178.kaiwenit.com/index/user/index
[运行時間：0.067171s] [吞吐率：14.89req/s] [内存消耗：3,427.30kb] [文件加载：78]
[ info ] [ BEHAVIOR ] Run Closure @app_init [ RunTime:0.000031s ]
[ info ] [ CACHE ] INIT File
[ info ] [ BEHAVIOR ] Run Closure @app_init [ RunTime:0.002890s ]
[ info ] [ BEHAVIOR ] Run app\common\behavior\Common @app_init [ RunTime:0.000614s ]
[ info ] [ LANG ] /www/wwwroot/2024/10/kh06_crm178.kaiwenit.com/thinkphp/lang/zh-cn.php
[ info ] [ BEHAVIOR ] Run app\common\behavior\Common @app_dispatch [ RunTime:0.000034s ]
[ info ] [ ROUTE ] array (
  'type' => 'module',
  'module' => 
  array (
    0 => 'index',
    1 => 'user',
    2 => 'index',
  ),
)
[ info ] [ HEADER ] array (
  'connection' => 'keep-alive',
  'host' => 'crm178.kaiwenit.com',
  'accept-encoding' => 'gzip, x-gzip, deflate',
  'user-agent' => 'Mozilla/5.0 (Windows NT 10.0; Win64; x64) AppleWebKit/537.36 (KHTML, like Gecko) Chrome/93.0.7929.197 Safari/537.36',
  'content-length' => '',
  'content-type' => '',
)
[ info ] [ PARAM ] array (
)
[ info ] [ LANG ] /www/wwwroot/2024/10/kh06_crm178.kaiwenit.com/public/../application/index/lang/zh-cn.php
[ info ] [ BEHAVIOR ] Run app\common\behavior\Common @module_init [ RunTime:0.002161s ]
[ info ] [ TOKEN ] INIT Mysql
[ info ] [ DB ] INIT mysql
[ info ] [ VIEW ] /www/wwwroot/2024/10/kh06_crm178.kaiwenit.com/public/../application/common/view/tpl/dispatch_jump.tpl [ array (
  0 => 'code',
  1 => 'msg',
  2 => 'data',
  3 => 'url',
  4 => 'wait',
) ]
[ info ] [ BEHAVIOR ] Run \addons\facrm\Facrm @view_filter [ RunTime:0.000153s ]
[ info ] [ LOG ] INIT File
---------------------------------------------------------------
[ 2024-11-20T02:37:29+08:00 ] 113.215.189.211 GET crm178.kaiwenit.com/
[运行時間：0.039552s] [吞吐率：25.28req/s] [内存消耗：2,907.41kb] [文件加载：74]
[ info ] [ BEHAVIOR ] Run Closure @app_init [ RunTime:0.000036s ]
[ info ] [ CACHE ] INIT File
[ info ] [ BEHAVIOR ] Run Closure @app_init [ RunTime:0.002905s ]
[ info ] [ BEHAVIOR ] Run app\common\behavior\Common @app_init [ RunTime:0.000614s ]
[ info ] [ LANG ] /www/wwwroot/2024/10/kh06_crm178.kaiwenit.com/thinkphp/lang/zh-cn.php
[ info ] [ BEHAVIOR ] Run app\common\behavior\Common @app_dispatch [ RunTime:0.000029s ]
[ info ] [ ROUTE ] array (
  'type' => 'module',
  'module' => 
  array (
    0 => '',
    1 => NULL,
    2 => NULL,
  ),
)
[ info ] [ HEADER ] array (
  'connection' => 'keep-alive',
  'host' => 'crm178.kaiwenit.com',
  'accept-encoding' => 'gzip, x-gzip, deflate',
  'user-agent' => 'Mozilla/5.0 (Windows NT 10.0; Win64; x64) AppleWebKit/537.36 (KHTML, like Gecko) Chrome/108.0.5580.10 Safari/537.36',
  'content-length' => '',
  'content-type' => '',
)
[ info ] [ PARAM ] array (
)
[ info ] [ LANG ] /www/wwwroot/2024/10/kh06_crm178.kaiwenit.com/public/../application/index/lang/zh-cn.php
[ info ] [ BEHAVIOR ] Run app\common\behavior\Common @module_init [ RunTime:0.002070s ]
[ info ] [ BEHAVIOR ] Run \addons\summernote\Summernote @config_init [ RunTime:0.000140s ]
[ info ] [ BEHAVIOR ] Run \addons\umeditor\Umeditor @config_init [ RunTime:0.000111s ]
[ info ] [ LANG ] /www/wwwroot/2024/10/kh06_crm178.kaiwenit.com/public/../application/index/lang/zh-cn/index.php
[ info ] [ RUN ] app\index\controller\Index->index[ /www/wwwroot/2024/10/kh06_crm178.kaiwenit.com/application/index/controller/Index.php ]
[ info ] [ VIEW ] /www/wwwroot/2024/10/kh06_crm178.kaiwenit.com/public/../application/index/view/index/index.html [ array (
  0 => 'user',
  1 => 'site',
  2 => 'config',
) ]
[ info ] [ BEHAVIOR ] Run \addons\facrm\Facrm @view_filter [ RunTime:0.000055s ]
[ info ] [ LOG ] INIT File
---------------------------------------------------------------
[ 2024-11-20T04:42:24+08:00 ] 113.215.189.208 GET crm178.kaiwenit.com/
[运行時間：0.120420s] [吞吐率：8.30req/s] [内存消耗：2,907.41kb] [文件加载：74]
[ info ] [ BEHAVIOR ] Run Closure @app_init [ RunTime:0.000045s ]
[ info ] [ CACHE ] INIT File
[ info ] [ BEHAVIOR ] Run Closure @app_init [ RunTime:0.009505s ]
[ info ] [ BEHAVIOR ] Run app\common\behavior\Common @app_init [ RunTime:0.002337s ]
[ info ] [ LANG ] /www/wwwroot/2024/10/kh06_crm178.kaiwenit.com/thinkphp/lang/zh-cn.php
[ info ] [ BEHAVIOR ] Run app\common\behavior\Common @app_dispatch [ RunTime:0.000083s ]
[ info ] [ ROUTE ] array (
  'type' => 'module',
  'module' => 
  array (
    0 => '',
    1 => NULL,
    2 => NULL,
  ),
)
[ info ] [ HEADER ] array (
  'connection' => 'keep-alive',
  'host' => 'crm178.kaiwenit.com',
  'accept-encoding' => 'gzip, x-gzip, deflate',
  'user-agent' => 'Mozilla/5.0 (Windows NT 10.0; Win64; x64) AppleWebKit/537.36 (KHTML, like Gecko) Chrome/98.0.2230.128 Safari/537.36',
  'content-length' => '',
  'content-type' => '',
)
[ info ] [ PARAM ] array (
)
[ info ] [ LANG ] /www/wwwroot/2024/10/kh06_crm178.kaiwenit.com/public/../application/index/lang/zh-cn.php
[ info ] [ BEHAVIOR ] Run app\common\behavior\Common @module_init [ RunTime:0.004996s ]
[ info ] [ BEHAVIOR ] Run \addons\summernote\Summernote @config_init [ RunTime:0.001004s ]
[ info ] [ BEHAVIOR ] Run \addons\umeditor\Umeditor @config_init [ RunTime:0.001017s ]
[ info ] [ LANG ] /www/wwwroot/2024/10/kh06_crm178.kaiwenit.com/public/../application/index/lang/zh-cn/index.php
[ info ] [ RUN ] app\index\controller\Index->index[ /www/wwwroot/2024/10/kh06_crm178.kaiwenit.com/application/index/controller/Index.php ]
[ info ] [ VIEW ] /www/wwwroot/2024/10/kh06_crm178.kaiwenit.com/public/../application/index/view/index/index.html [ array (
  0 => 'user',
  1 => 'site',
  2 => 'config',
) ]
[ info ] [ BEHAVIOR ] Run \addons\facrm\Facrm @view_filter [ RunTime:0.000094s ]
[ info ] [ LOG ] INIT File
---------------------------------------------------------------
[ 2024-11-20T04:42:24+08:00 ] 113.215.189.208 GET crm178.kaiwenit.com/
[运行時間：0.046243s] [吞吐率：21.62req/s] [内存消耗：2,907.41kb] [文件加载：74]
[ info ] [ BEHAVIOR ] Run Closure @app_init [ RunTime:0.000040s ]
[ info ] [ CACHE ] INIT File
[ info ] [ BEHAVIOR ] Run Closure @app_init [ RunTime:0.003271s ]
[ info ] [ BEHAVIOR ] Run app\common\behavior\Common @app_init [ RunTime:0.000758s ]
[ info ] [ LANG ] /www/wwwroot/2024/10/kh06_crm178.kaiwenit.com/thinkphp/lang/zh-cn.php
[ info ] [ BEHAVIOR ] Run app\common\behavior\Common @app_dispatch [ RunTime:0.000052s ]
[ info ] [ ROUTE ] array (
  'type' => 'module',
  'module' => 
  array (
    0 => '',
    1 => NULL,
    2 => NULL,
  ),
)
[ info ] [ HEADER ] array (
  'connection' => 'keep-alive',
  'host' => 'crm178.kaiwenit.com',
  'accept-encoding' => 'gzip, x-gzip, deflate',
  'user-agent' => 'Mozilla/5.0 (Windows NT 10.0; Win64; x64) AppleWebKit/537.36 (KHTML, like Gecko) Chrome/85.0.7701.101 Safari/537.36',
  'content-length' => '',
  'content-type' => '',
)
[ info ] [ PARAM ] array (
)
[ info ] [ LANG ] /www/wwwroot/2024/10/kh06_crm178.kaiwenit.com/public/../application/index/lang/zh-cn.php
[ info ] [ BEHAVIOR ] Run app\common\behavior\Common @module_init [ RunTime:0.002213s ]
[ info ] [ BEHAVIOR ] Run \addons\summernote\Summernote @config_init [ RunTime:0.000171s ]
[ info ] [ BEHAVIOR ] Run \addons\umeditor\Umeditor @config_init [ RunTime:0.000136s ]
[ info ] [ LANG ] /www/wwwroot/2024/10/kh06_crm178.kaiwenit.com/public/../application/index/lang/zh-cn/index.php
[ info ] [ RUN ] app\index\controller\Index->index[ /www/wwwroot/2024/10/kh06_crm178.kaiwenit.com/application/index/controller/Index.php ]
[ info ] [ VIEW ] /www/wwwroot/2024/10/kh06_crm178.kaiwenit.com/public/../application/index/view/index/index.html [ array (
  0 => 'user',
  1 => 'site',
  2 => 'config',
) ]
[ info ] [ BEHAVIOR ] Run \addons\facrm\Facrm @view_filter [ RunTime:0.000076s ]
[ info ] [ LOG ] INIT File
---------------------------------------------------------------
[ 2024-11-20T04:42:25+08:00 ] 113.215.189.208 GET crm178.kaiwenit.com/index/user/index
[运行時間：0.078684s] [吞吐率：12.71req/s] [内存消耗：3,427.30kb] [文件加载：78]
[ info ] [ BEHAVIOR ] Run Closure @app_init [ RunTime:0.000043s ]
[ info ] [ CACHE ] INIT File
[ info ] [ BEHAVIOR ] Run Closure @app_init [ RunTime:0.003834s ]
[ info ] [ BEHAVIOR ] Run app\common\behavior\Common @app_init [ RunTime:0.000825s ]
[ info ] [ LANG ] /www/wwwroot/2024/10/kh06_crm178.kaiwenit.com/thinkphp/lang/zh-cn.php
[ info ] [ BEHAVIOR ] Run app\common\behavior\Common @app_dispatch [ RunTime:0.000045s ]
[ info ] [ ROUTE ] array (
  'type' => 'module',
  'module' => 
  array (
    0 => 'index',
    1 => 'user',
    2 => 'index',
  ),
)
[ info ] [ HEADER ] array (
  'connection' => 'keep-alive',
  'host' => 'crm178.kaiwenit.com',
  'accept-encoding' => 'gzip, x-gzip, deflate',
  'user-agent' => 'Mozilla/5.0 (Windows NT 10.0; Win64; x64) AppleWebKit/537.36 (KHTML, like Gecko) Chrome/110.0.4862.27 Safari/537.36',
  'content-length' => '',
  'content-type' => '',
)
[ info ] [ PARAM ] array (
)
[ info ] [ LANG ] /www/wwwroot/2024/10/kh06_crm178.kaiwenit.com/public/../application/index/lang/zh-cn.php
[ info ] [ BEHAVIOR ] Run app\common\behavior\Common @module_init [ RunTime:0.002625s ]
[ info ] [ TOKEN ] INIT Mysql
[ info ] [ DB ] INIT mysql
[ info ] [ VIEW ] /www/wwwroot/2024/10/kh06_crm178.kaiwenit.com/public/../application/common/view/tpl/dispatch_jump.tpl [ array (
  0 => 'code',
  1 => 'msg',
  2 => 'data',
  3 => 'url',
  4 => 'wait',
) ]
[ info ] [ BEHAVIOR ] Run \addons\facrm\Facrm @view_filter [ RunTime:0.000121s ]
[ info ] [ LOG ] INIT File
---------------------------------------------------------------
[ 2024-11-20T04:42:25+08:00 ] 113.215.189.208 GET crm178.kaiwenit.com/
[运行時間：0.040249s] [吞吐率：24.85req/s] [内存消耗：2,907.41kb] [文件加载：74]
[ info ] [ BEHAVIOR ] Run Closure @app_init [ RunTime:0.000031s ]
[ info ] [ CACHE ] INIT File
[ info ] [ BEHAVIOR ] Run Closure @app_init [ RunTime:0.002955s ]
[ info ] [ BEHAVIOR ] Run app\common\behavior\Common @app_init [ RunTime:0.000620s ]
[ info ] [ LANG ] /www/wwwroot/2024/10/kh06_crm178.kaiwenit.com/thinkphp/lang/zh-cn.php
[ info ] [ BEHAVIOR ] Run app\common\behavior\Common @app_dispatch [ RunTime:0.000034s ]
[ info ] [ ROUTE ] array (
  'type' => 'module',
  'module' => 
  array (
    0 => '',
    1 => NULL,
    2 => NULL,
  ),
)
[ info ] [ HEADER ] array (
  'connection' => 'keep-alive',
  'host' => 'crm178.kaiwenit.com',
  'accept-encoding' => 'gzip, x-gzip, deflate',
  'user-agent' => 'Mozilla/5.0 (Windows NT 10.0; Win64; x64) AppleWebKit/537.36 (KHTML, like Gecko) Chrome/93.0.8108.188 Safari/537.36',
  'content-length' => '',
  'content-type' => '',
)
[ info ] [ PARAM ] array (
)
[ info ] [ LANG ] /www/wwwroot/2024/10/kh06_crm178.kaiwenit.com/public/../application/index/lang/zh-cn.php
[ info ] [ BEHAVIOR ] Run app\common\behavior\Common @module_init [ RunTime:0.002145s ]
[ info ] [ BEHAVIOR ] Run \addons\summernote\Summernote @config_init [ RunTime:0.000143s ]
[ info ] [ BEHAVIOR ] Run \addons\umeditor\Umeditor @config_init [ RunTime:0.000111s ]
[ info ] [ LANG ] /www/wwwroot/2024/10/kh06_crm178.kaiwenit.com/public/../application/index/lang/zh-cn/index.php
[ info ] [ RUN ] app\index\controller\Index->index[ /www/wwwroot/2024/10/kh06_crm178.kaiwenit.com/application/index/controller/Index.php ]
[ info ] [ VIEW ] /www/wwwroot/2024/10/kh06_crm178.kaiwenit.com/public/../application/index/view/index/index.html [ array (
  0 => 'user',
  1 => 'site',
  2 => 'config',
) ]
[ info ] [ BEHAVIOR ] Run \addons\facrm\Facrm @view_filter [ RunTime:0.000069s ]
[ info ] [ LOG ] INIT File
