---------------------------------------------------------------
[ 2024-12-07T09:56:15+08:00 ] 117.188.13.163 GET crm178.kaiwenit.com/
[运行時間：0.220166s] [吞吐率：4.54req/s] [内存消耗：2,910.84kb] [文件加载：74]
[ info ] [ BEHAVIOR ] Run Closure @app_init [ RunTime:0.000050s ]
[ info ] [ CACHE ] INIT File
[ info ] [ BEHAVIOR ] Run Closure @app_init [ RunTime:0.017540s ]
[ info ] [ BEHAVIOR ] Run app\common\behavior\Common @app_init [ RunTime:0.003791s ]
[ info ] [ LANG ] /www/wwwroot/2024/10/kh06_crm178.kaiwenit.com/thinkphp/lang/zh-cn.php
[ info ] [ BEHAVIOR ] Run app\common\behavior\Common @app_dispatch [ RunTime:0.000063s ]
[ info ] [ ROUTE ] array (
  'type' => 'module',
  'module' => 
  array (
    0 => '',
    1 => NULL,
    2 => NULL,
  ),
)
[ info ] [ HEADER ] array (
  'accept-language' => 'zh-CN,zh;q=0.9',
  'accept-encoding' => 'gzip, deflate',
  'accept' => 'text/html,application/xhtml+xml,application/xml;q=0.9,image/avif,image/webp,image/apng,*/*;q=0.8,application/signed-exchange;v=b3;q=0.7',
  'user-agent' => 'Mozilla/5.0 (Windows NT 10.0; Win64; x64) AppleWebKit/537.36 (KHTML, like Gecko) Chrome/131.0.0.0 Safari/537.36',
  'upgrade-insecure-requests' => '1',
  'connection' => 'keep-alive',
  'host' => 'crm178.kaiwenit.com',
  'content-length' => '',
  'content-type' => '',
)
[ info ] [ PARAM ] array (
)
[ info ] [ LANG ] /www/wwwroot/2024/10/kh06_crm178.kaiwenit.com/public/../application/index/lang/zh-cn.php
[ info ] [ BEHAVIOR ] Run app\common\behavior\Common @module_init [ RunTime:0.006140s ]
[ info ] [ BEHAVIOR ] Run \addons\summernote\Summernote @config_init [ RunTime:0.001155s ]
[ info ] [ BEHAVIOR ] Run \addons\umeditor\Umeditor @config_init [ RunTime:0.001291s ]
[ info ] [ LANG ] /www/wwwroot/2024/10/kh06_crm178.kaiwenit.com/public/../application/index/lang/zh-cn/index.php
[ info ] [ RUN ] app\index\controller\Index->index[ /www/wwwroot/2024/10/kh06_crm178.kaiwenit.com/application/index/controller/Index.php ]
[ info ] [ VIEW ] /www/wwwroot/2024/10/kh06_crm178.kaiwenit.com/public/../application/index/view/index/index.html [ array (
  0 => 'user',
  1 => 'site',
  2 => 'config',
) ]
[ info ] [ BEHAVIOR ] Run \addons\facrm\Facrm @view_filter [ RunTime:0.000093s ]
[ info ] [ LOG ] INIT File
